<?xml version="1.0" encoding="UTF-8"?>
<!-- Generated by org.testng.reporters.JUnitXMLReporter -->
<testsuite ignored="2" hostname="DESKTOP-T3DPQHB" failures="0" tests="3" name="Default test" time="23.419" errors="0" timestamp="2022-08-27T12:15:38 IST">
  <testcase classname="test.LogInPageTest" name="data" time="0.059"/>
  <testcase classname="test.LogInPageTest" name="data" time="0.015"/>
  <testcase classname="test.LogInPageTest" name="data" time="0.008"/>
  <testcase classname="test.LogInPageTest" name="zerodhaLogintest" time="0.0">
    <ignored/>
  </testcase> <!-- zerodhaLogintest -->
  <testcase classname="test.LogInPageTest" name="validateZerodhaForgotLink" time="0.0">
    <ignored/>
  </testcase> <!-- validateZerodhaForgotLink -->
</testsuite> <!-- Default test -->
