<?xml version="1.0" encoding="UTF-8"?>
<testng-results ignored="2" total="5" passed="3" failed="0" skipped="0">
  <reporter-output>
  </reporter-output>
  <suite started-at="2022-08-27T12:15:15 IST" name="Default suite" finished-at="2022-08-27T12:15:38 IST" duration-ms="23419">
    <groups>
    </groups>
    <test started-at="2022-08-27T12:15:15 IST" name="Default test" finished-at="2022-08-27T12:15:38 IST" duration-ms="23419">
      <class name="test.LogInPageTest">
        <test-method is-config="true" signature="addReports()[pri:0, instance:test.LogInPageTest@1151e434]" started-at="2022-08-27T12:15:15 IST" name="addReports" finished-at="2022-08-27T12:15:15 IST" duration-ms="562" status="PASS">
          <reporter-output>
          </reporter-output>
        </test-method> <!-- addReports -->
        <test-method is-config="true" signature="launchBrowser()[pri:0, instance:test.LogInPageTest@1151e434]" started-at="2022-08-27T12:15:15 IST" name="launchBrowser" finished-at="2022-08-27T12:15:29 IST" duration-ms="13319" status="PASS">
          <reporter-output>
          </reporter-output>
        </test-method> <!-- launchBrowser -->
        <test-method signature="data(int,int,java.lang.String)[pri:0, instance:test.LogInPageTest@1151e434]" started-at="2022-08-27T12:15:29 IST" name="data" data-provider="Test Data" finished-at="2022-08-27T12:15:29 IST" duration-ms="59" status="PASS">
          <params>
            <param index="0">
              <value>
                <![CDATA[5]]>
              </value>
            </param>
            <param index="1">
              <value>
                <![CDATA[10]]>
              </value>
            </param>
            <param index="2">
              <value>
                <![CDATA[Velocity]]>
              </value>
            </param>
          </params>
          <reporter-output>
          </reporter-output>
        </test-method> <!-- data -->
        <test-method is-config="true" signature="postTest(org.testng.ITestResult)[pri:0, instance:test.LogInPageTest@1151e434]" started-at="2022-08-27T12:15:29 IST" name="postTest" finished-at="2022-08-27T12:15:29 IST" duration-ms="11" status="PASS">
          <params>
            <param index="0">
              <value>
                <![CDATA[[TestResult name=data status=SUCCESS method=LogInPageTest.data(int,int,java.lang.String)[pri:0, instance:test.LogInPageTest@1151e434] output={null}]]]>
              </value>
            </param>
          </params>
          <reporter-output>
          </reporter-output>
        </test-method> <!-- postTest -->
        <test-method is-config="true" signature="launchBrowser()[pri:0, instance:test.LogInPageTest@1151e434]" started-at="2022-08-27T12:15:29 IST" name="launchBrowser" finished-at="2022-08-27T12:15:33 IST" duration-ms="4086" status="PASS">
          <reporter-output>
          </reporter-output>
        </test-method> <!-- launchBrowser -->
        <test-method signature="data(int,int,java.lang.String)[pri:0, instance:test.LogInPageTest@1151e434]" started-at="2022-08-27T12:15:33 IST" name="data" data-provider="Test Data" finished-at="2022-08-27T12:15:33 IST" duration-ms="15" status="PASS">
          <params>
            <param index="0">
              <value>
                <![CDATA[30]]>
              </value>
            </param>
            <param index="1">
              <value>
                <![CDATA[10]]>
              </value>
            </param>
            <param index="2">
              <value>
                <![CDATA[Katraj]]>
              </value>
            </param>
          </params>
          <reporter-output>
          </reporter-output>
        </test-method> <!-- data -->
        <test-method is-config="true" signature="postTest(org.testng.ITestResult)[pri:0, instance:test.LogInPageTest@1151e434]" started-at="2022-08-27T12:15:33 IST" name="postTest" finished-at="2022-08-27T12:15:33 IST" duration-ms="2" status="PASS">
          <params>
            <param index="0">
              <value>
                <![CDATA[[TestResult name=data status=SUCCESS method=LogInPageTest.data(int,int,java.lang.String)[pri:0, instance:test.LogInPageTest@1151e434] output={null}]]]>
              </value>
            </param>
          </params>
          <reporter-output>
          </reporter-output>
        </test-method> <!-- postTest -->
        <test-method is-config="true" signature="launchBrowser()[pri:0, instance:test.LogInPageTest@1151e434]" started-at="2022-08-27T12:15:33 IST" name="launchBrowser" finished-at="2022-08-27T12:15:37 IST" duration-ms="4114" status="PASS">
          <reporter-output>
          </reporter-output>
        </test-method> <!-- launchBrowser -->
        <test-method signature="data(int,int,java.lang.String)[pri:0, instance:test.LogInPageTest@1151e434]" started-at="2022-08-27T12:15:37 IST" name="data" data-provider="Test Data" finished-at="2022-08-27T12:15:37 IST" duration-ms="8" status="PASS">
          <params>
            <param index="0">
              <value>
                <![CDATA[40]]>
              </value>
            </param>
            <param index="1">
              <value>
                <![CDATA[2]]>
              </value>
            </param>
            <param index="2">
              <value>
                <![CDATA[Pune]]>
              </value>
            </param>
          </params>
          <reporter-output>
          </reporter-output>
        </test-method> <!-- data -->
        <test-method is-config="true" signature="postTest(org.testng.ITestResult)[pri:0, instance:test.LogInPageTest@1151e434]" started-at="2022-08-27T12:15:37 IST" name="postTest" finished-at="2022-08-27T12:15:37 IST" duration-ms="0" status="PASS">
          <params>
            <param index="0">
              <value>
                <![CDATA[[TestResult name=data status=SUCCESS method=LogInPageTest.data(int,int,java.lang.String)[pri:0, instance:test.LogInPageTest@1151e434] output={null}]]]>
              </value>
            </param>
          </params>
          <reporter-output>
          </reporter-output>
        </test-method> <!-- postTest -->
        <test-method is-config="true" signature="flushReport()[pri:0, instance:test.LogInPageTest@1151e434]" started-at="2022-08-27T12:15:37 IST" name="flushReport" finished-at="2022-08-27T12:15:38 IST" duration-ms="1142" status="PASS">
          <reporter-output>
          </reporter-output>
        </test-method> <!-- flushReport -->
      </class> <!-- test.LogInPageTest -->
    </test> <!-- Default test -->
  </suite> <!-- Default suite -->
</testng-results>
